<?xml version="1.0" encoding="UTF-8"?>
<!-- Generated by org.testng.reporters.JUnitXMLReporter -->
<testsuite ignored="0" hostname="Canwill" failures="0" tests="2" name="Default test" time="13.756" errors="0" timestamp="2024-04-09T15:55:00 IST">
  <testcase classname="com.ninja.qa.testcases.Registeration" name="verifyRegisterWIthValidData" time="1.247"/>
  <testcase classname="com.ninja.qa.testcases.Registeration" name="VerifyRegisterWithExixtingEmail" time="1.032"/>
</testsuite> <!-- Default test -->
