<?xml version="1.0" encoding="UTF-8"?>
<testng-results ignored="0" total="2" passed="2" failed="0" skipped="0">
  <reporter-output>
  </reporter-output>
  <suite started-at="2024-04-09T15:54:47 IST" name="Default suite" finished-at="2024-04-09T15:55:00 IST" duration-ms="13756">
    <groups>
    </groups>
    <test started-at="2024-04-09T15:54:47 IST" name="Default test" finished-at="2024-04-09T15:55:00 IST" duration-ms="13756">
      <class name="com.ninja.qa.testcases.Registeration">
        <test-method is-config="true" signature="setUp()[pri:0, instance:com.ninja.qa.testcases.Registeration@5c33f1a9]" started-at="2024-04-09T15:54:47 IST" name="setUp" finished-at="2024-04-09T15:54:52 IST" duration-ms="4964" status="PASS">
          <reporter-output>
          </reporter-output>
        </test-method> <!-- setUp -->
        <test-method signature="verifyRegisterWIthValidData()[pri:1, instance:com.ninja.qa.testcases.Registeration@5c33f1a9]" started-at="2024-04-09T15:54:52 IST" name="verifyRegisterWIthValidData" finished-at="2024-04-09T15:54:53 IST" duration-ms="1247" status="PASS">
          <reporter-output>
          </reporter-output>
        </test-method> <!-- verifyRegisterWIthValidData -->
        <test-method is-config="true" signature="tearDown()[pri:0, instance:com.ninja.qa.testcases.Registeration@5c33f1a9]" started-at="2024-04-09T15:54:53 IST" name="tearDown" finished-at="2024-04-09T15:54:54 IST" duration-ms="1188" status="PASS">
          <reporter-output>
          </reporter-output>
        </test-method> <!-- tearDown -->
        <test-method is-config="true" signature="setUp()[pri:0, instance:com.ninja.qa.testcases.Registeration@5c33f1a9]" started-at="2024-04-09T15:54:54 IST" name="setUp" finished-at="2024-04-09T15:54:58 IST" duration-ms="4041" status="PASS">
          <reporter-output>
          </reporter-output>
        </test-method> <!-- setUp -->
        <test-method signature="VerifyRegisterWithExixtingEmail()[pri:2, instance:com.ninja.qa.testcases.Registeration@5c33f1a9]" started-at="2024-04-09T15:54:58 IST" name="VerifyRegisterWithExixtingEmail" finished-at="2024-04-09T15:54:59 IST" duration-ms="1032" status="PASS">
          <reporter-output>
          </reporter-output>
        </test-method> <!-- VerifyRegisterWithExixtingEmail -->
        <test-method is-config="true" signature="tearDown()[pri:0, instance:com.ninja.qa.testcases.Registeration@5c33f1a9]" started-at="2024-04-09T15:54:59 IST" name="tearDown" finished-at="2024-04-09T15:55:00 IST" duration-ms="1250" status="PASS">
          <reporter-output>
          </reporter-output>
        </test-method> <!-- tearDown -->
      </class> <!-- com.ninja.qa.testcases.Registeration -->
    </test> <!-- Default test -->
  </suite> <!-- Default suite -->
</testng-results>
